GTFS/app/build/outputs/logs/manifest-merger-debug-report.txt
-- Merging decision tree log ---
manifest
ADDED from AndroidManifest.xml:2:1
	package
		ADDED from AndroidManifest.xml:3:5
		INJECTED from AndroidManifest.xml:0:0
		INJECTED from AndroidManifest.xml:0:0
	android:versionName
		INJECTED from AndroidManifest.xml:0:0
		INJECTED from AndroidManifest.xml:0:0
	xmlns:android
		ADDED from AndroidManifest.xml:2:11
	android:versionCode
		INJECTED from AndroidManifest.xml:0:0
		INJECTED from AndroidManifest.xml:0:0
uses-permission#android.permission.INTERNET
ADDED from AndroidManifest.xml:5:5
	android:name
		ADDED from AndroidManifest.xml:5:22
uses-permission#android.permission.RECEIVE_SMS
ADDED from AndroidManifest.xml:7:5
	android:name
		ADDED from AndroidManifest.xml:7:22
uses-permission#android.permission.READ_PHONE_STATE
ADDED from AndroidManifest.xml:8:5
	android:name
		ADDED from AndroidManifest.xml:8:22
uses-permission#android.permission.READ_CONTACTS
ADDED from AndroidManifest.xml:9:5
	android:name
		ADDED from AndroidManifest.xml:9:22
uses-permission#android.permission.READ_PROFILE
ADDED from AndroidManifest.xml:10:5
	android:name
		ADDED from AndroidManifest.xml:10:22
uses-permission#android.permission.ACCESS_NETWORK_STATE
ADDED from AndroidManifest.xml:11:5
	android:name
		ADDED from AndroidManifest.xml:11:22
uses-permission#android.permission.GET_ACCOUNTS
ADDED from AndroidManifest.xml:12:5
	android:name
		ADDED from AndroidManifest.xml:12:22
uses-permission#android.permission.ACCESS_FINE_LOCATION
ADDED from AndroidManifest.xml:13:5
	android:name
		ADDED from AndroidManifest.xml:13:22
uses-permission#android.permission.CALL_PHONE
ADDED from AndroidManifest.xml:14:5
	android:name
		ADDED from AndroidManifest.xml:14:22
uses-permission#android.permission.VIBRATE
ADDED from AndroidManifest.xml:15:5
	android:name
		ADDED from AndroidManifest.xml:15:22
application
ADDED from AndroidManifest.xml:17:5
MERGED from com.android.support:appcompat-v7:22.0.0:22:5
MERGED from com.android.support:support-v4:22.0.0:22:5
MERGED from com.android.support:support-v4:22.0.0:22:5
	android:label
		ADDED from AndroidManifest.xml:21:9
	android:allowBackup
		ADDED from AndroidManifest.xml:19:9
	android:icon
		ADDED from AndroidManifest.xml:20:9
	android:theme
		ADDED from AndroidManifest.xml:22:9
	android:name
		ADDED from AndroidManifest.xml:18:9
service#cse.sutd.gtfs.serverUtils.NetworkService
ADDED from AndroidManifest.xml:23:9
	android:exported
		ADDED from AndroidManifest.xml:25:13
	android:name
		ADDED from AndroidManifest.xml:24:13
service#cse.sutd.gtfs.MessageManagement.ManagerService
ADDED from AndroidManifest.xml:26:9
	android:exported
		ADDED from AndroidManifest.xml:28:13
	android:name
		ADDED from AndroidManifest.xml:27:13
meta-data#io.fabric.ApiKey
ADDED from AndroidManifest.xml:35:9
	android:value
		ADDED from AndroidManifest.xml:37:13
	android:name
		ADDED from AndroidManifest.xml:36:13
activity#cse.sutd.gtfs.Activities.Messaging.MainActivity
ADDED from AndroidManifest.xml:39:9
	android:label
		ADDED from AndroidManifest.xml:41:13
	android:name
		ADDED from AndroidManifest.xml:40:13
activity#cse.sutd.gtfs.Activities.SettingsActivity
ADDED from AndroidManifest.xml:43:9
	android:label
		ADDED from AndroidManifest.xml:45:13
	android:parentActivityName
		ADDED from AndroidManifest.xml:46:13
	android:name
		ADDED from AndroidManifest.xml:44:13
activity#cse.sutd.gtfs.Activities.Messaging.MessagingActivity
ADDED from AndroidManifest.xml:48:9
	android:label
		ADDED from AndroidManifest.xml:50:13
	android:parentActivityName
		ADDED from AndroidManifest.xml:51:13
	android:name
		ADDED from AndroidManifest.xml:49:13
activity#cse.sutd.gtfs.Activities.ProfileActivity
ADDED from AndroidManifest.xml:53:9
	android:label
		ADDED from AndroidManifest.xml:55:13
	android:parentActivityName
		ADDED from AndroidManifest.xml:56:13
	android:name
		ADDED from AndroidManifest.xml:54:13
activity#cse.sutd.gtfs.Activities.LoginActivityCog
ADDED from AndroidManifest.xml:58:9
	android:label
		ADDED from AndroidManifest.xml:60:13
	android:name
		ADDED from AndroidManifest.xml:59:13
intent-filter#android.intent.action.MAIN+android.intent.category.LAUNCHER
ADDED from AndroidManifest.xml:61:13
action#android.intent.action.MAIN
ADDED from AndroidManifest.xml:62:17
	android:name
		ADDED from AndroidManifest.xml:62:25
category#android.intent.category.LAUNCHER
ADDED from AndroidManifest.xml:64:17
	android:name
		ADDED from AndroidManifest.xml:64:27
activity#cse.sutd.gtfs.Activities.Group.NewGroupActivity
ADDED from AndroidManifest.xml:67:9
	android:label
		ADDED from AndroidManifest.xml:69:13
	android:parentActivityName
		ADDED from AndroidManifest.xml:70:13
	android:name
		ADDED from AndroidManifest.xml:68:13
activity#cse.sutd.gtfs.Activities.ContactsActivity
ADDED from AndroidManifest.xml:72:9
	android:label
		ADDED from AndroidManifest.xml:74:13
	android:parentActivityName
		ADDED from AndroidManifest.xml:75:13
	android:name
		ADDED from AndroidManifest.xml:73:13
activity#cse.sutd.gtfs.Activities.Group.EventsActivity
ADDED from AndroidManifest.xml:77:9
	android:label
		ADDED from AndroidManifest.xml:79:13
	android:name
		ADDED from AndroidManifest.xml:78:13
activity#cse.sutd.gtfs.Activities.Group.AddContactToGroup
ADDED from AndroidManifest.xml:81:9
	android:label
		ADDED from AndroidManifest.xml:83:13
	android:parentActivityName
		ADDED from AndroidManifest.xml:84:13
	android:name
		ADDED from AndroidManifest.xml:82:13
activity#cse.sutd.gtfs.Activities.Notes.EditNoteActivity
ADDED from AndroidManifest.xml:86:9
	android:label
		ADDED from AndroidManifest.xml:88:13
	android:parentActivityName
		ADDED from AndroidManifest.xml:89:13
	android:name
		ADDED from AndroidManifest.xml:87:13
activity#cse.sutd.gtfs.Activities.Notes.NoteListActivity
ADDED from AndroidManifest.xml:91:9
	android:label
		ADDED from AndroidManifest.xml:93:13
	android:parentActivityName
		ADDED from AndroidManifest.xml:94:13
	android:name
		ADDED from AndroidManifest.xml:92:13
activity#cse.sutd.gtfs.Activities.Notes.CreateNoteActivity
ADDED from AndroidManifest.xml:96:9
	android:label
		ADDED from AndroidManifest.xml:98:13
	android:parentActivityName
		ADDED from AndroidManifest.xml:99:13
	android:name
		ADDED from AndroidManifest.xml:97:13
activity#cse.sutd.gtfs.Activities.Group.GroupInfoActivity
ADDED from AndroidManifest.xml:101:9
	android:label
		ADDED from AndroidManifest.xml:103:13
	android:parentActivityName
		ADDED from AndroidManifest.xml:104:13
	android:name
		ADDED from AndroidManifest.xml:102:13
activity#cse.sutd.gtfs.Activities.Group.EventInfoActivity
ADDED from AndroidManifest.xml:106:9
	android:label
		ADDED from AndroidManifest.xml:108:13
	android:name
		ADDED from AndroidManifest.xml:107:13
uses-sdk
INJECTED from AndroidManifest.xml:0:0 reason: use-sdk injection requested
MERGED from com.android.support:appcompat-v7:22.0.0:20:5
MERGED from com.android.support:support-v4:22.0.0:20:5
MERGED from com.android.support:support-v4:22.0.0:20:5
	android:targetSdkVersion
		INJECTED from AndroidManifest.xml:0:0
		INJECTED from AndroidManifest.xml:0:0
	android:minSdkVersion
		INJECTED from AndroidManifest.xml:0:0
		INJECTED from AndroidManifest.xml:0:0